2022-04-15 00:09:01.0233 INFO - Application started. Press Ctrl+C to shut down. - 

2022-04-15 00:09:01.8879 INFO - Hosting environment: Development - 

2022-04-15 00:09:01.8879 INFO - Content root path: C:\Users\Mateus Gabriel\source\repos\CWIProdutosAPI\CWIProdutosAPI - 

2022-04-15 00:19:29.0146 INFO - Application started. Press Ctrl+C to shut down. - 

2022-04-15 00:19:30.0693 INFO - Hosting environment: Development - 

2022-04-15 00:19:30.1434 INFO - Content root path: C:\Users\Mateus Gabriel\source\repos\CWIProdutosAPI\CWIProdutosAPI - 

2022-04-15 00:31:12.3422 INFO - Application started. Press Ctrl+C to shut down. - 

2022-04-15 00:31:12.8382 INFO - Hosting environment: Development - 

2022-04-15 00:31:12.8382 INFO - Content root path: C:\Users\Mateus Gabriel\source\repos\CWIProdutosAPI\CWIProdutosAPI - 

2022-04-15 01:14:31.7046 INFO - Application started. Press Ctrl+C to shut down. - 

2022-04-15 01:14:32.4082 INFO - Hosting environment: Development - 

2022-04-15 01:14:32.4082 INFO - Content root path: C:\Users\Mateus Gabriel\source\repos\CWIProdutosAPI\CWIProdutosAPI - 

2022-04-15 01:39:53.6501 INFO - Application started. Press Ctrl+C to shut down. - 

2022-04-15 01:39:54.0320 INFO - Hosting environment: Development - 

2022-04-15 01:39:54.0750 INFO - Content root path: C:\Users\Mateus Gabriel\source\repos\CWIProdutosAPI\CWIProdutosAPI - 

2022-04-15 01:41:57.0512 INFO - Teste Injeção - 

2022-04-15 01:41:57.6404 WARN - NLOG - Erro - 

2022-04-15 01:41:59.2355 ERROR - Exception of type 'System.Exception' was thrown. -    at CWIProdutosAPI.Controllers.ProdutoController.GetProdutos() in C:\Users\Mateus Gabriel\source\repos\CWIProdutosAPI\CWIProdutosAPI\Controllers\ProdutoController.cs:line 33

2022-04-15 02:36:16.0037 INFO - Application started. Press Ctrl+C to shut down. - 

2022-04-15 02:36:16.1729 INFO - Hosting environment: Development - 

2022-04-15 02:36:16.1888 INFO - Content root path: C:\Users\Mateus Gabriel\source\repos\CWIProdutosAPI\CWIProdutosAPI - 

2022-04-15 03:30:10.5253 INFO - Application started. Press Ctrl+C to shut down. - 

2022-04-15 03:30:10.9763 INFO - Hosting environment: Development - 

2022-04-15 03:30:10.9957 INFO - Content root path: C:\Users\Mateus Gabriel\source\repos\CWIProdutosAPI\CWIProdutosAPI - 

2022-04-15 03:33:19.5701 INFO - Falha ao consultar o produto 6. - 

2022-04-15 03:33:25.4764 WARN - NLOG - Erro - 

2022-04-15 03:33:26.6029 ERROR - Exception of type 'System.Exception' was thrown. -    at CWIProdutosAPI.Data.ProdutoService.Consultar(Int32 produtoId) in C:\Users\Mateus Gabriel\source\repos\CWIProdutosAPI\CWIProdutosAPI\Data\ProdutoService.cs:line 67

2022-04-15 03:33:40.6808 ERROR - An unhandled exception has occurred while executing the request. -    at CWIProdutosAPI.Data.ProdutoService.Consultar(Int32 produtoId) in C:\Users\Mateus Gabriel\source\repos\CWIProdutosAPI\CWIProdutosAPI\Data\ProdutoService.cs:line 73
   at CWIProdutosAPI.Controllers.ProdutoController.GetProduto(Int32 id) in C:\Users\Mateus Gabriel\source\repos\CWIProdutosAPI\CWIProdutosAPI\Controllers\ProdutoController.cs:line 42
   at lambda_method(Closure , Object , Object[] )
   at Microsoft.Extensions.Internal.ObjectMethodExecutor.Execute(Object target, Object[] parameters)
   at Microsoft.AspNetCore.Mvc.Infrastructure.ActionMethodExecutor.SyncObjectResultExecutor.Execute(IActionResultTypeMapper mapper, ObjectMethodExecutor executor, Object controller, Object[] arguments)
   at Microsoft.AspNetCore.Mvc.Infrastructure.ControllerActionInvoker.InvokeActionMethodAsync()
   at Microsoft.AspNetCore.Mvc.Infrastructure.ControllerActionInvoker.Next(State& next, Scope& scope, Object& state, Boolean& isCompleted)
   at Microsoft.AspNetCore.Mvc.Infrastructure.ControllerActionInvoker.InvokeNextActionFilterAsync()
--- End of stack trace from previous location where exception was thrown ---
   at Microsoft.AspNetCore.Mvc.Infrastructure.ControllerActionInvoker.Rethrow(ActionExecutedContextSealed context)
   at Microsoft.AspNetCore.Mvc.Infrastructure.ControllerActionInvoker.Next(State& next, Scope& scope, Object& state, Boolean& isCompleted)
   at Microsoft.AspNetCore.Mvc.Infrastructure.ControllerActionInvoker.InvokeInnerFilterAsync()
--- End of stack trace from previous location where exception was thrown ---
   at Microsoft.AspNetCore.Mvc.Infrastructure.ResourceInvoker.<InvokeFilterPipelineAsync>g__Awaited|19_0(ResourceInvoker invoker, Task lastTask, State next, Scope scope, Object state, Boolean isCompleted)
   at Microsoft.AspNetCore.Mvc.Infrastructure.ResourceInvoker.<InvokeAsync>g__Awaited|17_0(ResourceInvoker invoker, Task task, IDisposable scope)
   at Microsoft.AspNetCore.Routing.EndpointMiddleware.<Invoke>g__AwaitRequestTask|6_0(Endpoint endpoint, Task requestTask, ILogger logger)
   at Swashbuckle.AspNetCore.SwaggerUI.SwaggerUIMiddleware.Invoke(HttpContext httpContext)
   at Swashbuckle.AspNetCore.Swagger.SwaggerMiddleware.Invoke(HttpContext httpContext, ISwaggerProvider swaggerProvider)
   at Microsoft.AspNetCore.Authorization.AuthorizationMiddleware.Invoke(HttpContext context)
   at Microsoft.AspNetCore.Diagnostics.DeveloperExceptionPageMiddleware.Invoke(HttpContext context)

2022-04-15 12:40:02.1621 INFO - Application started. Press Ctrl+C to shut down. - 

2022-04-15 12:40:02.7286 INFO - Hosting environment: Development - 

2022-04-15 12:40:02.7397 INFO - Content root path: C:\Users\Mateus Gabriel\source\repos\CWIProdutosAPI\CWIProdutosAPI - 

2022-04-15 12:40:21.3569 ERROR - An unhandled exception has occurred while executing the request. -    at Swashbuckle.AspNetCore.SwaggerGen.SwaggerGenerator.GenerateOperations(IEnumerable`1 apiDescriptions, SchemaRepository schemaRepository)
   at Swashbuckle.AspNetCore.SwaggerGen.SwaggerGenerator.GeneratePaths(IEnumerable`1 apiDescriptions, SchemaRepository schemaRepository)
   at Swashbuckle.AspNetCore.SwaggerGen.SwaggerGenerator.GetSwagger(String documentName, String host, String basePath)
   at Swashbuckle.AspNetCore.Swagger.SwaggerMiddleware.Invoke(HttpContext httpContext, ISwaggerProvider swaggerProvider)
   at Microsoft.AspNetCore.Authorization.AuthorizationMiddleware.Invoke(HttpContext context)
   at Microsoft.AspNetCore.Diagnostics.DeveloperExceptionPageMiddleware.Invoke(HttpContext context)

2022-04-15 12:42:06.9954 INFO - Application started. Press Ctrl+C to shut down. - 

2022-04-15 12:42:07.2388 INFO - Hosting environment: Development - 

2022-04-15 12:42:07.2545 INFO - Content root path: C:\Users\Mateus Gabriel\source\repos\CWIProdutosAPI\CWIProdutosAPI - 

2022-04-15 12:42:18.0973 ERROR - An unhandled exception has occurred while executing the request. -    at Swashbuckle.AspNetCore.SwaggerGen.SwaggerGenerator.GenerateOperations(IEnumerable`1 apiDescriptions, SchemaRepository schemaRepository)
   at Swashbuckle.AspNetCore.SwaggerGen.SwaggerGenerator.GeneratePaths(IEnumerable`1 apiDescriptions, SchemaRepository schemaRepository)
   at Swashbuckle.AspNetCore.SwaggerGen.SwaggerGenerator.GetSwagger(String documentName, String host, String basePath)
   at Swashbuckle.AspNetCore.Swagger.SwaggerMiddleware.Invoke(HttpContext httpContext, ISwaggerProvider swaggerProvider)
   at Microsoft.AspNetCore.Authorization.AuthorizationMiddleware.Invoke(HttpContext context)
   at Microsoft.AspNetCore.Diagnostics.DeveloperExceptionPageMiddleware.Invoke(HttpContext context)

2022-04-15 12:43:49.6819 INFO - Application started. Press Ctrl+C to shut down. - 

2022-04-15 12:43:49.7486 INFO - Hosting environment: Development - 

2022-04-15 12:43:49.7486 INFO - Content root path: C:\Users\Mateus Gabriel\source\repos\CWIProdutosAPI\CWIProdutosAPI - 

2022-04-15 13:15:05.9512 INFO - Application started. Press Ctrl+C to shut down. - 

2022-04-15 13:15:06.1948 INFO - Hosting environment: Development - 

2022-04-15 13:15:06.2031 INFO - Content root path: C:\Users\Mateus Gabriel\source\repos\CWIProdutosAPI\CWIProdutosAPI - 

2022-04-15 13:15:13.0130 ERROR - An unhandled exception has occurred while executing the request. -    at Swashbuckle.AspNetCore.SwaggerGen.SwaggerGenerator.GenerateOperations(IEnumerable`1 apiDescriptions, SchemaRepository schemaRepository)
   at Swashbuckle.AspNetCore.SwaggerGen.SwaggerGenerator.GeneratePaths(IEnumerable`1 apiDescriptions, SchemaRepository schemaRepository)
   at Swashbuckle.AspNetCore.SwaggerGen.SwaggerGenerator.GetSwagger(String documentName, String host, String basePath)
   at Swashbuckle.AspNetCore.Swagger.SwaggerMiddleware.Invoke(HttpContext httpContext, ISwaggerProvider swaggerProvider)
   at Microsoft.AspNetCore.Authorization.AuthorizationMiddleware.Invoke(HttpContext context)
   at Microsoft.AspNetCore.Diagnostics.DeveloperExceptionPageMiddleware.Invoke(HttpContext context)

2022-04-15 13:18:44.3554 INFO - Application started. Press Ctrl+C to shut down. - 

2022-04-15 13:18:44.4121 INFO - Hosting environment: Development - 

2022-04-15 13:18:44.4237 INFO - Content root path: C:\Users\Mateus Gabriel\source\repos\CWIProdutosAPI\CWIProdutosAPI - 

2022-04-15 13:36:00.9188 INFO - Application started. Press Ctrl+C to shut down. - 

2022-04-15 13:36:01.0734 INFO - Hosting environment: Development - 

2022-04-15 13:36:01.0734 INFO - Content root path: C:\Users\Mateus Gabriel\source\repos\CWIProdutosAPI\CWIProdutosAPI - 

2022-04-15 13:36:52.6324 INFO - Application started. Press Ctrl+C to shut down. - 

2022-04-15 13:36:52.6943 INFO - Hosting environment: Development - 

2022-04-15 13:36:52.7047 INFO - Content root path: C:\Users\Mateus Gabriel\source\repos\CWIProdutosAPI\CWIProdutosAPI - 

2022-04-15 13:36:57.1717 ERROR - An unhandled exception has occurred while executing the request. -    at Swashbuckle.AspNetCore.SwaggerGen.SwaggerGenerator.GenerateOperations(IEnumerable`1 apiDescriptions, SchemaRepository schemaRepository)
   at Swashbuckle.AspNetCore.SwaggerGen.SwaggerGenerator.GeneratePaths(IEnumerable`1 apiDescriptions, SchemaRepository schemaRepository)
   at Swashbuckle.AspNetCore.SwaggerGen.SwaggerGenerator.GetSwagger(String documentName, String host, String basePath)
   at Swashbuckle.AspNetCore.Swagger.SwaggerMiddleware.Invoke(HttpContext httpContext, ISwaggerProvider swaggerProvider)
   at Microsoft.AspNetCore.Authorization.AuthorizationMiddleware.Invoke(HttpContext context)
   at Microsoft.AspNetCore.Diagnostics.DeveloperExceptionPageMiddleware.Invoke(HttpContext context)

2022-04-15 13:43:39.9761 INFO - Application started. Press Ctrl+C to shut down. - 

2022-04-15 13:43:40.0518 INFO - Hosting environment: Development - 

2022-04-15 13:43:40.0613 INFO - Content root path: C:\Users\Mateus Gabriel\source\repos\CWIProdutosAPI\CWIProdutosAPI - 

2022-04-15 13:43:40.8425 ERROR - An unhandled exception has occurred while executing the request. -    at Swashbuckle.AspNetCore.SwaggerGen.SwaggerGenerator.GenerateOperations(IEnumerable`1 apiDescriptions, SchemaRepository schemaRepository)
   at Swashbuckle.AspNetCore.SwaggerGen.SwaggerGenerator.GeneratePaths(IEnumerable`1 apiDescriptions, SchemaRepository schemaRepository)
   at Swashbuckle.AspNetCore.SwaggerGen.SwaggerGenerator.GetSwagger(String documentName, String host, String basePath)
   at Swashbuckle.AspNetCore.Swagger.SwaggerMiddleware.Invoke(HttpContext httpContext, ISwaggerProvider swaggerProvider)
   at Microsoft.AspNetCore.Authorization.AuthorizationMiddleware.Invoke(HttpContext context)
   at Microsoft.AspNetCore.Diagnostics.DeveloperExceptionPageMiddleware.Invoke(HttpContext context)

2022-04-15 13:45:57.7567 INFO - Application started. Press Ctrl+C to shut down. - 

2022-04-15 13:45:57.8093 INFO - Hosting environment: Development - 

2022-04-15 13:45:57.8093 INFO - Content root path: C:\Users\Mateus Gabriel\source\repos\CWIProdutosAPI\CWIProdutosAPI - 

2022-04-15 13:59:57.0835 INFO - Falha ao consultar o produto 10. - 

2022-04-15 13:59:57.1338 WARN - NLOG - Erro - 

2022-04-15 13:59:57.1577 ERROR - An exception was thrown while attempting to evaluate a LINQ query parameter expression. See the inner exception for more information. To show additional information call 'DbContextOptionsBuilder.EnableSensitiveDataLogging'. -    at Microsoft.EntityFrameworkCore.Query.Internal.ParameterExtractingExpressionVisitor.GetValue(Expression expression, String& parameterName)
   at Microsoft.EntityFrameworkCore.Query.Internal.ParameterExtractingExpressionVisitor.Evaluate(Expression expression, Boolean generateParameter)
   at Microsoft.EntityFrameworkCore.Query.Internal.ParameterExtractingExpressionVisitor.Visit(Expression expression)
   at System.Linq.Expressions.ExpressionVisitor.VisitBinary(BinaryExpression node)
   at Microsoft.EntityFrameworkCore.Query.Internal.ParameterExtractingExpressionVisitor.VisitBinary(BinaryExpression binaryExpression)
   at Microsoft.EntityFrameworkCore.Query.Internal.ParameterExtractingExpressionVisitor.Visit(Expression expression)
   at System.Linq.Expressions.ExpressionVisitor.VisitLambda[T](Expression`1 node)
   at Microsoft.EntityFrameworkCore.Query.Internal.ParameterExtractingExpressionVisitor.Visit(Expression expression)
   at System.Linq.Expressions.ExpressionVisitor.VisitUnary(UnaryExpression node)
   at Microsoft.EntityFrameworkCore.Query.Internal.ParameterExtractingExpressionVisitor.Visit(Expression expression)
   at System.Dynamic.Utils.ExpressionVisitorUtils.VisitArguments(ExpressionVisitor visitor, IArgumentProvider nodes)
   at System.Linq.Expressions.ExpressionVisitor.VisitMethodCall(MethodCallExpression node)
   at Microsoft.EntityFrameworkCore.Query.Internal.ParameterExtractingExpressionVisitor.Visit(Expression expression)
   at Microsoft.EntityFrameworkCore.Query.Internal.ParameterExtractingExpressionVisitor.ExtractParameters(Expression expression)
   at Microsoft.EntityFrameworkCore.Query.Internal.QueryCompiler.ExtractParameters(Expression query, IParameterValues parameterValues, IDiagnosticsLogger`1 logger, Boolean parameterize, Boolean generateContextAccessors)
   at Microsoft.EntityFrameworkCore.Query.Internal.QueryCompiler.Execute[TResult](Expression query)
   at Microsoft.EntityFrameworkCore.Query.Internal.EntityQueryProvider.Execute[TResult](Expression expression)
   at System.Linq.Queryable.FirstOrDefault[TSource](IQueryable`1 source, Expression`1 predicate)
   at CWIProdutosAPI.Data.ProdutoService.Consultar(Int32 produtoId) in C:\Users\Mateus Gabriel\source\repos\CWIProdutosAPI\CWIProdutosAPI\Data\ProdutoService.cs:line 44

2022-04-15 14:04:48.4588 INFO - Application started. Press Ctrl+C to shut down. - 

2022-04-15 14:04:48.5210 INFO - Hosting environment: Development - 

2022-04-15 14:04:48.5347 INFO - Content root path: C:\Users\Mateus Gabriel\source\repos\CWIProdutosAPI\CWIProdutosAPI - 

2022-04-15 14:08:42.3355 INFO - Falha ao listar os produtos. - 

2022-04-15 14:08:42.3391 WARN - NLOG - Erro - 

2022-04-15 14:08:42.3391 ERROR - Connection Timeout Expired.  The timeout period elapsed while attempting to consume the pre-login handshake acknowledgement.  This could be because the pre-login handshake failed or the server was unable to respond back in time.  The duration spent while attempting to connect to this server was - [Pre-Login] initialization=18603; handshake=278;  -    at Microsoft.Data.SqlClient.SqlInternalConnection.OnError(SqlException exception, Boolean breakConnection, Action`1 wrapCloseInAction)
   at Microsoft.Data.SqlClient.TdsParser.ThrowExceptionAndWarning(TdsParserStateObject stateObj, Boolean callerHasConnectionLock, Boolean asyncClose)
   at Microsoft.Data.SqlClient.TdsParserStateObject.ThrowExceptionAndWarning(Boolean callerHasConnectionLock, Boolean asyncClose)
   at Microsoft.Data.SqlClient.TdsParserStateObject.ReadSniError(TdsParserStateObject stateObj, UInt32 error)
   at Microsoft.Data.SqlClient.TdsParserStateObject.ReadSniSyncOverAsync()
   at Microsoft.Data.SqlClient.TdsParserStateObject.TryReadNetworkPacket()
   at Microsoft.Data.SqlClient.TdsParser.ConsumePreLoginHandshake(Boolean encrypt, Boolean trustServerCert, Boolean integratedSecurity, Boolean& marsCapable, Boolean& fedAuthRequired)
   at Microsoft.Data.SqlClient.TdsParser.Connect(ServerInfo serverInfo, SqlInternalConnectionTds connHandler, Boolean ignoreSniOpenTimeout, Int64 timerExpire, Boolean encrypt, Boolean trustServerCert, Boolean integratedSecurity, Boolean withFailover, SqlAuthenticationMethod authType)
   at Microsoft.Data.SqlClient.SqlInternalConnectionTds.AttemptOneLogin(ServerInfo serverInfo, String newPassword, SecureString newSecurePassword, Boolean ignoreSniOpenTimeout, TimeoutTimer timeout, Boolean withFailover)
   at Microsoft.Data.SqlClient.SqlInternalConnectionTds.LoginNoFailover(ServerInfo serverInfo, String newPassword, SecureString newSecurePassword, Boolean redirectedUserInstance, SqlConnectionString connectionOptions, SqlCredential credential, TimeoutTimer timeout)
   at Microsoft.Data.SqlClient.SqlInternalConnectionTds.OpenLoginEnlist(TimeoutTimer timeout, SqlConnectionString connectionOptions, SqlCredential credential, String newPassword, SecureString newSecurePassword, Boolean redirectedUserInstance)
   at Microsoft.Data.SqlClient.SqlInternalConnectionTds..ctor(DbConnectionPoolIdentity identity, SqlConnectionString connectionOptions, SqlCredential credential, Object providerInfo, String newPassword, SecureString newSecurePassword, Boolean redirectedUserInstance, SqlConnectionString userConnectionOptions, SessionData reconnectSessionData, Boolean applyTransientFaultHandling, String accessToken, DbConnectionPool pool)
   at Microsoft.Data.SqlClient.SqlConnectionFactory.CreateConnection(DbConnectionOptions options, DbConnectionPoolKey poolKey, Object poolGroupProviderInfo, DbConnectionPool pool, DbConnection owningConnection, DbConnectionOptions userOptions)
   at Microsoft.Data.ProviderBase.DbConnectionFactory.CreatePooledConnection(DbConnectionPool pool, DbConnection owningObject, DbConnectionOptions options, DbConnectionPoolKey poolKey, DbConnectionOptions userOptions)
   at Microsoft.Data.ProviderBase.DbConnectionPool.CreateObject(DbConnection owningObject, DbConnectionOptions userOptions, DbConnectionInternal oldConnection)
   at Microsoft.Data.ProviderBase.DbConnectionPool.UserCreateRequest(DbConnection owningObject, DbConnectionOptions userOptions, DbConnectionInternal oldConnection)
   at Microsoft.Data.ProviderBase.DbConnectionPool.TryGetConnection(DbConnection owningObject, UInt32 waitForMultipleObjectsTimeout, Boolean allowCreate, Boolean onlyOneCheckConnection, DbConnectionOptions userOptions, DbConnectionInternal& connection)
   at Microsoft.Data.ProviderBase.DbConnectionPool.TryGetConnection(DbConnection owningObject, TaskCompletionSource`1 retry, DbConnectionOptions userOptions, DbConnectionInternal& connection)
   at Microsoft.Data.ProviderBase.DbConnectionFactory.TryGetConnection(DbConnection owningConnection, TaskCompletionSource`1 retry, DbConnectionOptions userOptions, DbConnectionInternal oldConnection, DbConnectionInternal& connection)
   at Microsoft.Data.ProviderBase.DbConnectionInternal.TryOpenConnectionInternal(DbConnection outerConnection, DbConnectionFactory connectionFactory, TaskCompletionSource`1 retry, DbConnectionOptions userOptions)
   at Microsoft.Data.ProviderBase.DbConnectionClosed.TryOpenConnection(DbConnection outerConnection, DbConnectionFactory connectionFactory, TaskCompletionSource`1 retry, DbConnectionOptions userOptions)
   at Microsoft.Data.SqlClient.SqlConnection.TryOpen(TaskCompletionSource`1 retry, SqlConnectionOverrides overrides)
   at Microsoft.Data.SqlClient.SqlConnection.Open(SqlConnectionOverrides overrides)
   at Microsoft.Data.SqlClient.SqlConnection.Open()
   at Microsoft.EntityFrameworkCore.SqlServer.Storage.Internal.SqlServerConnection.OpenDbConnection(Boolean errorsExpected)
   at Microsoft.EntityFrameworkCore.Storage.RelationalConnection.OpenInternal(Boolean errorsExpected)
   at Microsoft.EntityFrameworkCore.Storage.RelationalConnection.Open(Boolean errorsExpected)
   at Microsoft.EntityFrameworkCore.Storage.RelationalCommand.ExecuteReader(RelationalCommandParameterObject parameterObject)
   at Microsoft.EntityFrameworkCore.Query.Internal.SingleQueryingEnumerable`1.Enumerator.InitializeReader(DbContext _, Boolean result)
   at Microsoft.EntityFrameworkCore.SqlServer.Storage.Internal.SqlServerExecutionStrategy.Execute[TState,TResult](TState state, Func`3 operation, Func`3 verifySucceeded)
   at Microsoft.EntityFrameworkCore.Query.Internal.SingleQueryingEnumerable`1.Enumerator.MoveNext()
   at System.Collections.Generic.List`1..ctor(IEnumerable`1 collection)
   at System.Linq.Enumerable.ToList[TSource](IEnumerable`1 source)
   at CWIProdutosAPI.Data.ProdutoService.Listar() in C:\Users\Mateus Gabriel\source\repos\CWIProdutosAPI\CWIProdutosAPI\Data\ProdutoService.cs:line 24

2022-04-15 14:08:43.1465 INFO - Erro inesperado no serviço. - 

2022-04-15 14:08:43.8346 WARN - NLOG - Erro - 

2022-04-15 14:08:43.8453 ERROR - Connection Timeout Expired.  The timeout period elapsed while attempting to consume the pre-login handshake acknowledgement.  This could be because the pre-login handshake failed or the server was unable to respond back in time.  The duration spent while attempting to connect to this server was - [Pre-Login] initialization=18603; handshake=278;  -    at CWIProdutosAPI.Data.ProdutoService.Listar() in C:\Users\Mateus Gabriel\source\repos\CWIProdutosAPI\CWIProdutosAPI\Data\ProdutoService.cs:line 33
   at CWIProdutosAPI.Controllers.ProdutoController.GetProdutos() in C:\Users\Mateus Gabriel\source\repos\CWIProdutosAPI\CWIProdutosAPI\Controllers\ProdutoController.cs:line 34

2022-04-15 14:26:37.4644 INFO - Application started. Press Ctrl+C to shut down. - 

2022-04-15 14:26:37.5460 INFO - Hosting environment: Development - 

2022-04-15 14:26:37.5595 INFO - Content root path: C:\Users\Mateus Gabriel\source\repos\CWIProdutosAPI\CWIProdutosAPI - 

2022-04-15 14:33:35.0062 INFO - Application started. Press Ctrl+C to shut down. - 

2022-04-15 14:33:35.0864 INFO - Hosting environment: Development - 

2022-04-15 14:33:35.1023 INFO - Content root path: C:\Users\Mateus Gabriel\source\repos\CWIProdutosAPI\CWIProdutosAPI - 

2022-04-15 14:36:16.5706 INFO - Falha ao atualizar produto. Motivo - An error occurred while updating the entries. See the inner exception for details. - 

2022-04-15 14:36:16.5738 WARN - NLOG - Erro - 

2022-04-15 14:36:16.5884 ERROR - An error occurred while updating the entries. See the inner exception for details. -    at Microsoft.EntityFrameworkCore.Update.ReaderModificationCommandBatch.Execute(IRelationalConnection connection)
   at Microsoft.EntityFrameworkCore.Update.Internal.BatchExecutor.Execute(IEnumerable`1 commandBatches, IRelationalConnection connection)
   at Microsoft.EntityFrameworkCore.Storage.RelationalDatabase.SaveChanges(IList`1 entries)
   at Microsoft.EntityFrameworkCore.ChangeTracking.Internal.StateManager.SaveChanges(IList`1 entriesToSave)
   at Microsoft.EntityFrameworkCore.ChangeTracking.Internal.StateManager.SaveChanges(DbContext _, Boolean acceptAllChangesOnSuccess)
   at Microsoft.EntityFrameworkCore.SqlServer.Storage.Internal.SqlServerExecutionStrategy.Execute[TState,TResult](TState state, Func`3 operation, Func`3 verifySucceeded)
   at Microsoft.EntityFrameworkCore.ChangeTracking.Internal.StateManager.SaveChanges(Boolean acceptAllChangesOnSuccess)
   at Microsoft.EntityFrameworkCore.DbContext.SaveChanges(Boolean acceptAllChangesOnSuccess)
   at Microsoft.EntityFrameworkCore.DbContext.SaveChanges()
   at CWIProdutosAPI.Data.ProdutoService.Atualizar(ProdutoTO produtoTO, String& mensagem) in C:\Users\Mateus Gabriel\source\repos\CWIProdutosAPI\CWIProdutosAPI\Data\ProdutoService.cs:line 168

2022-04-15 14:41:23.3129 INFO - Falha ao atualizar produto. Motivo - An error occurred while updating the entries. See the inner exception for details. - 

2022-04-15 14:41:23.3611 WARN - NLOG - Erro - 

2022-04-15 14:41:23.3611 ERROR - An error occurred while updating the entries. See the inner exception for details. -    at Microsoft.EntityFrameworkCore.Update.ReaderModificationCommandBatch.Execute(IRelationalConnection connection)
   at Microsoft.EntityFrameworkCore.Update.Internal.BatchExecutor.Execute(IEnumerable`1 commandBatches, IRelationalConnection connection)
   at Microsoft.EntityFrameworkCore.Storage.RelationalDatabase.SaveChanges(IList`1 entries)
   at Microsoft.EntityFrameworkCore.ChangeTracking.Internal.StateManager.SaveChanges(IList`1 entriesToSave)
   at Microsoft.EntityFrameworkCore.ChangeTracking.Internal.StateManager.SaveChanges(DbContext _, Boolean acceptAllChangesOnSuccess)
   at Microsoft.EntityFrameworkCore.SqlServer.Storage.Internal.SqlServerExecutionStrategy.Execute[TState,TResult](TState state, Func`3 operation, Func`3 verifySucceeded)
   at Microsoft.EntityFrameworkCore.ChangeTracking.Internal.StateManager.SaveChanges(Boolean acceptAllChangesOnSuccess)
   at Microsoft.EntityFrameworkCore.DbContext.SaveChanges(Boolean acceptAllChangesOnSuccess)
   at Microsoft.EntityFrameworkCore.DbContext.SaveChanges()
   at CWIProdutosAPI.Data.ProdutoService.Atualizar(ProdutoTO produtoTO, String& mensagem) in C:\Users\Mateus Gabriel\source\repos\CWIProdutosAPI\CWIProdutosAPI\Data\ProdutoService.cs:line 168

2022-04-15 14:44:47.0597 INFO - Application started. Press Ctrl+C to shut down. - 

2022-04-15 14:44:47.1224 INFO - Hosting environment: Development - 

2022-04-15 14:44:47.1224 INFO - Content root path: C:\Users\Mateus Gabriel\source\repos\CWIProdutosAPI\CWIProdutosAPI - 

2022-04-15 14:47:19.9792 INFO - Falha ao atualizar produto. Motivo - An error occurred while updating the entries. See the inner exception for details. - 

2022-04-15 14:47:19.9792 WARN - NLOG - Erro - 

2022-04-15 14:47:20.0004 ERROR - An error occurred while updating the entries. See the inner exception for details. -    at Microsoft.EntityFrameworkCore.Update.ReaderModificationCommandBatch.Execute(IRelationalConnection connection)
   at Microsoft.EntityFrameworkCore.Update.Internal.BatchExecutor.Execute(IEnumerable`1 commandBatches, IRelationalConnection connection)
   at Microsoft.EntityFrameworkCore.Storage.RelationalDatabase.SaveChanges(IList`1 entries)
   at Microsoft.EntityFrameworkCore.ChangeTracking.Internal.StateManager.SaveChanges(IList`1 entriesToSave)
   at Microsoft.EntityFrameworkCore.ChangeTracking.Internal.StateManager.SaveChanges(DbContext _, Boolean acceptAllChangesOnSuccess)
   at Microsoft.EntityFrameworkCore.SqlServer.Storage.Internal.SqlServerExecutionStrategy.Execute[TState,TResult](TState state, Func`3 operation, Func`3 verifySucceeded)
   at Microsoft.EntityFrameworkCore.ChangeTracking.Internal.StateManager.SaveChanges(Boolean acceptAllChangesOnSuccess)
   at Microsoft.EntityFrameworkCore.DbContext.SaveChanges(Boolean acceptAllChangesOnSuccess)
   at Microsoft.EntityFrameworkCore.DbContext.SaveChanges()
   at CWIProdutosAPI.Data.ProdutoService.Atualizar(ProdutoTO produtoTO, String& mensagem) in C:\Users\Mateus Gabriel\source\repos\CWIProdutosAPI\CWIProdutosAPI\Data\ProdutoService.cs:line 169

2022-04-15 14:50:20.4061 INFO - Application started. Press Ctrl+C to shut down. - 

2022-04-15 14:50:20.4620 INFO - Hosting environment: Development - 

2022-04-15 14:50:20.4718 INFO - Content root path: C:\Users\Mateus Gabriel\source\repos\CWIProdutosAPI\CWIProdutosAPI - 

2022-04-15 15:00:21.3875 INFO - Application started. Press Ctrl+C to shut down. - 

2022-04-15 15:00:21.5087 INFO - Hosting environment: Development - 

2022-04-15 15:00:21.5314 INFO - Content root path: C:\Users\Mateus Gabriel\source\repos\CWIProdutosAPI\CWIProdutosAPI - 

2022-04-15 15:10:15.3277 INFO - Application started. Press Ctrl+C to shut down. - 

2022-04-15 15:10:15.5435 INFO - Hosting environment: Development - 

2022-04-15 15:10:15.6077 INFO - Content root path: C:\Users\Mateus Gabriel\source\repos\CWIProdutosAPI\CWIProdutosAPI - 

2022-04-15 15:22:23.8926 INFO - Falha ao inserir o produto. Motivo - An error occurred while updating the entries. See the inner exception for details. - 

2022-04-15 15:22:23.9677 WARN - NLOG - Erro - 

2022-04-15 15:22:23.9877 ERROR - An error occurred while updating the entries. See the inner exception for details. -    at Microsoft.EntityFrameworkCore.Update.ReaderModificationCommandBatch.Execute(IRelationalConnection connection)
   at Microsoft.EntityFrameworkCore.Update.Internal.BatchExecutor.Execute(IEnumerable`1 commandBatches, IRelationalConnection connection)
   at Microsoft.EntityFrameworkCore.Storage.RelationalDatabase.SaveChanges(IList`1 entries)
   at Microsoft.EntityFrameworkCore.ChangeTracking.Internal.StateManager.SaveChanges(IList`1 entriesToSave)
   at Microsoft.EntityFrameworkCore.ChangeTracking.Internal.StateManager.SaveChanges(DbContext _, Boolean acceptAllChangesOnSuccess)
   at Microsoft.EntityFrameworkCore.SqlServer.Storage.Internal.SqlServerExecutionStrategy.Execute[TState,TResult](TState state, Func`3 operation, Func`3 verifySucceeded)
   at Microsoft.EntityFrameworkCore.ChangeTracking.Internal.StateManager.SaveChanges(Boolean acceptAllChangesOnSuccess)
   at Microsoft.EntityFrameworkCore.DbContext.SaveChanges(Boolean acceptAllChangesOnSuccess)
   at Microsoft.EntityFrameworkCore.DbContext.SaveChanges()
   at CWIProdutosAPI.Data.ProdutoService.Inserir(ProdutoTO produtoTO, String& mensagem)

2022-04-15 15:25:01.6433 INFO - Application started. Press Ctrl+C to shut down. - 

2022-04-15 15:25:01.7327 INFO - Hosting environment: Development - 

2022-04-15 15:25:01.7452 INFO - Content root path: C:\Users\Mateus Gabriel\source\repos\CWIProdutosAPI\CWIProdutosAPI - 

2022-04-15 16:10:46.7060 INFO - Application started. Press Ctrl+C to shut down. - 

2022-04-15 16:10:46.9788 INFO - Hosting environment: Development - 

2022-04-15 16:10:46.9788 INFO - Content root path: C:\Users\Mateus Gabriel\source\repos\CWIProdutosAPI\CWIProdutosAPI - 

2022-04-15 16:15:01.4371 INFO - Application started. Press Ctrl+C to shut down. - 

2022-04-15 16:15:01.4883 INFO - Hosting environment: Development - 

2022-04-15 16:15:01.4972 INFO - Content root path: C:\Users\Mateus Gabriel\source\repos\CWIProdutosAPI\CWIProdutosAPI - 

2022-04-15 16:43:54.8193 INFO - Falha ao inserir o produto. Motivo - The instance of entity type 'TipoProduto' cannot be tracked because another instance with the same key value for {'Id'} is already being tracked. When attaching existing entities, ensure that only one entity instance with a given key value is attached. Consider using 'DbContextOptionsBuilder.EnableSensitiveDataLogging' to see the conflicting key values. - 

2022-04-15 16:43:54.9033 WARN - NLOG - Erro - 

2022-04-15 16:43:54.9571 ERROR - The instance of entity type 'TipoProduto' cannot be tracked because another instance with the same key value for {'Id'} is already being tracked. When attaching existing entities, ensure that only one entity instance with a given key value is attached. Consider using 'DbContextOptionsBuilder.EnableSensitiveDataLogging' to see the conflicting key values. -    at Microsoft.EntityFrameworkCore.ChangeTracking.Internal.IdentityMap`1.ThrowIdentityConflict(InternalEntityEntry entry)
   at Microsoft.EntityFrameworkCore.ChangeTracking.Internal.IdentityMap`1.Add(TKey key, InternalEntityEntry entry, Boolean updateDuplicate)
   at Microsoft.EntityFrameworkCore.ChangeTracking.Internal.IdentityMap`1.Add(TKey key, InternalEntityEntry entry)
   at Microsoft.EntityFrameworkCore.ChangeTracking.Internal.IdentityMap`1.Add(InternalEntityEntry entry)
   at Microsoft.EntityFrameworkCore.ChangeTracking.Internal.StateManager.StartTracking(InternalEntityEntry entry)
   at Microsoft.EntityFrameworkCore.ChangeTracking.Internal.InternalEntityEntry.SetEntityState(EntityState oldState, EntityState newState, Boolean acceptChanges, Boolean modifyProperties)
   at Microsoft.EntityFrameworkCore.ChangeTracking.Internal.InternalEntityEntry.SetEntityState(EntityState entityState, Boolean acceptChanges, Boolean modifyProperties, Nullable`1 forceStateWhenUnknownKey)
   at Microsoft.EntityFrameworkCore.ChangeTracking.Internal.EntityGraphAttacher.PaintAction(EntityEntryGraphNode`1 node)
   at Microsoft.EntityFrameworkCore.ChangeTracking.Internal.EntityEntryGraphIterator.TraverseGraph[TState](EntityEntryGraphNode`1 node, Func`2 handleNode)
   at Microsoft.EntityFrameworkCore.ChangeTracking.Internal.EntityEntryGraphIterator.TraverseGraph[TState](EntityEntryGraphNode`1 node, Func`2 handleNode)
   at Microsoft.EntityFrameworkCore.ChangeTracking.Internal.EntityGraphAttacher.AttachGraph(InternalEntityEntry rootEntry, EntityState targetState, EntityState storeGeneratedWithKeySetTargetState, Boolean forceStateWhenUnknownKey)
   at Microsoft.EntityFrameworkCore.Internal.InternalDbSet`1.SetEntityState(InternalEntityEntry entry, EntityState entityState)
   at Microsoft.EntityFrameworkCore.Internal.InternalDbSet`1.Add(TEntity entity)
   at CWIProdutosAPI.Data.ProdutoService.Inserir(ProdutoTO produtoTO, String& mensagem) in C:\Users\Mateus Gabriel\source\repos\CWIProdutosAPI\CWIProdutosAPI\Data\ProdutoService.cs:line 135

2022-04-15 16:44:32.4359 INFO - Falha ao inserir o produto. Motivo - The instance of entity type 'Produto' cannot be tracked because another instance with the same key value for {'Id'} is already being tracked. When attaching existing entities, ensure that only one entity instance with a given key value is attached. Consider using 'DbContextOptionsBuilder.EnableSensitiveDataLogging' to see the conflicting key values. - 

2022-04-15 16:44:32.4359 WARN - NLOG - Erro - 

2022-04-15 16:44:32.4359 ERROR - The instance of entity type 'Produto' cannot be tracked because another instance with the same key value for {'Id'} is already being tracked. When attaching existing entities, ensure that only one entity instance with a given key value is attached. Consider using 'DbContextOptionsBuilder.EnableSensitiveDataLogging' to see the conflicting key values. -    at Microsoft.EntityFrameworkCore.ChangeTracking.Internal.IdentityMap`1.ThrowIdentityConflict(InternalEntityEntry entry)
   at Microsoft.EntityFrameworkCore.ChangeTracking.Internal.IdentityMap`1.Add(TKey key, InternalEntityEntry entry, Boolean updateDuplicate)
   at Microsoft.EntityFrameworkCore.ChangeTracking.Internal.IdentityMap`1.Add(TKey key, InternalEntityEntry entry)
   at Microsoft.EntityFrameworkCore.ChangeTracking.Internal.IdentityMap`1.Add(InternalEntityEntry entry)
   at Microsoft.EntityFrameworkCore.ChangeTracking.Internal.StateManager.StartTracking(InternalEntityEntry entry)
   at Microsoft.EntityFrameworkCore.ChangeTracking.Internal.InternalEntityEntry.SetEntityState(EntityState oldState, EntityState newState, Boolean acceptChanges, Boolean modifyProperties)
   at Microsoft.EntityFrameworkCore.ChangeTracking.Internal.InternalEntityEntry.SetEntityState(EntityState entityState, Boolean acceptChanges, Boolean modifyProperties, Nullable`1 forceStateWhenUnknownKey)
   at Microsoft.EntityFrameworkCore.ChangeTracking.Internal.EntityGraphAttacher.PaintAction(EntityEntryGraphNode`1 node)
   at Microsoft.EntityFrameworkCore.ChangeTracking.Internal.EntityEntryGraphIterator.TraverseGraph[TState](EntityEntryGraphNode`1 node, Func`2 handleNode)
   at Microsoft.EntityFrameworkCore.ChangeTracking.Internal.EntityGraphAttacher.AttachGraph(InternalEntityEntry rootEntry, EntityState targetState, EntityState storeGeneratedWithKeySetTargetState, Boolean forceStateWhenUnknownKey)
   at Microsoft.EntityFrameworkCore.Internal.InternalDbSet`1.SetEntityState(InternalEntityEntry entry, EntityState entityState)
   at Microsoft.EntityFrameworkCore.Internal.InternalDbSet`1.Add(TEntity entity)
   at CWIProdutosAPI.Data.ProdutoService.Inserir(ProdutoTO produtoTO, String& mensagem) in C:\Users\Mateus Gabriel\source\repos\CWIProdutosAPI\CWIProdutosAPI\Data\ProdutoService.cs:line 135

2022-04-15 16:50:28.0814 INFO - Application started. Press Ctrl+C to shut down. - 

2022-04-15 16:50:28.2296 INFO - Hosting environment: Development - 

2022-04-15 16:50:28.2296 INFO - Content root path: C:\Users\Mateus Gabriel\source\repos\CWIProdutosAPI\CWIProdutosAPI - 

2022-04-15 17:34:30.7872 INFO - Application started. Press Ctrl+C to shut down. - 

2022-04-15 17:34:31.0816 INFO - Hosting environment: Development - 

2022-04-15 17:34:31.0922 INFO - Content root path: C:\Users\Mateus Gabriel\source\repos\CWIProdutosAPI\CWIProdutosAPI - 

2022-04-15 17:38:56.5813 INFO - Application started. Press Ctrl+C to shut down. - 

2022-04-15 17:38:56.7550 INFO - Hosting environment: Development - 

2022-04-15 17:38:56.8076 INFO - Content root path: C:\Users\Mateus Gabriel\source\repos\CWIProdutosAPI\CWIProdutosAPI - 

2022-04-15 17:46:10.9602 INFO - Application started. Press Ctrl+C to shut down. - 

2022-04-15 17:46:11.0605 INFO - Hosting environment: Development - 

2022-04-15 17:46:11.0723 INFO - Content root path: C:\Users\Mateus Gabriel\source\repos\CWIProdutosAPI\CWIProdutosAPI - 

2022-04-15 17:58:49.8887 INFO - Application started. Press Ctrl+C to shut down. - 

2022-04-15 17:58:50.0525 INFO - Hosting environment: Development - 

2022-04-15 17:58:50.0634 INFO - Content root path: C:\Users\Mateus Gabriel\source\repos\CWIProdutosAPI\CWIProdutosAPI - 

2022-04-15 18:08:28.0494 INFO - Application started. Press Ctrl+C to shut down. - 

2022-04-15 18:08:28.2129 INFO - Hosting environment: Development - 

2022-04-15 18:08:28.2246 INFO - Content root path: C:\Users\Mateus Gabriel\source\repos\CWIProdutosAPI\CWIProdutosAPI - 

2022-04-15 18:14:40.7023 INFO - Application started. Press Ctrl+C to shut down. - 

2022-04-15 18:14:41.5001 INFO - Hosting environment: Development - 

2022-04-15 18:14:41.5124 INFO - Content root path: C:\Users\Mateus Gabriel\source\repos\CWIProdutosAPI\CWIProdutosAPI - 

2022-04-15 18:17:58.2990 INFO - Application started. Press Ctrl+C to shut down. - 

2022-04-15 18:17:58.3636 INFO - Hosting environment: Development - 

2022-04-15 18:17:58.3770 INFO - Content root path: C:\Users\Mateus Gabriel\source\repos\CWIProdutosAPI\CWIProdutosAPI - 

2022-04-15 18:24:11.4272 INFO - Application started. Press Ctrl+C to shut down. - 

2022-04-15 18:24:11.5117 INFO - Hosting environment: Development - 

2022-04-15 18:24:11.5117 INFO - Content root path: C:\Users\Mateus Gabriel\source\repos\CWIProdutosAPI\CWIProdutosAPI - 

2022-04-15 18:39:43.6453 INFO - Application started. Press Ctrl+C to shut down. - 

2022-04-15 18:39:43.7136 INFO - Hosting environment: Development - 

2022-04-15 18:39:43.7136 INFO - Content root path: C:\Users\Mateus Gabriel\source\repos\CWIProdutosAPI\CWIProdutosAPI - 

2022-04-15 18:49:52.7164 INFO - Application started. Press Ctrl+C to shut down. - 

2022-04-15 18:49:52.8540 INFO - Hosting environment: Development - 

2022-04-15 18:49:52.8540 INFO - Content root path: C:\Users\Mateus Gabriel\source\repos\CWIProdutosAPI\CWIProdutosAPI - 

2022-04-15 18:55:26.5733 INFO - Application started. Press Ctrl+C to shut down. - 

2022-04-15 18:55:26.6635 INFO - Hosting environment: Development - 

2022-04-15 18:55:26.6748 INFO - Content root path: C:\Users\Mateus Gabriel\source\repos\CWIProdutosAPI\CWIProdutosAPI - 

